[2025-11-04 14:15:00] [INFO] [PID:31637] 日志系统初始化完成
[2025-11-04 14:15:00] [INFO] [PID:31637] Redis连接成功
[2025-11-04 14:15:00] [INFO] [PID:31637] 配置文件加载完成
[2025-11-04 14:15:00] [INFO] [PID:31637] QueryProcessor初始化完成
[2025-11-04 14:15:00] [INFO] [PID:31637] 开始处理查询请求
[2025-11-04 14:15:00] [INFO] [PID:31637] 用户问题: 这个附件文档说了什么？
[2025-11-04 14:15:00] [INFO] [PID:31637] 请求参数 - mode: query, chat_pid: 860, chat_id: 860, uid: 0
[2025-11-04 14:15:00] [INFO] [PID:31637] 多媒体文件数量 - 图片: 0, 音频: 0, 视频: 0
[2025-11-04 14:15:00] [INFO] [PID:31637] 进入查询模式，开始同步文件向量化流程
[2025-11-04 14:15:00] [INFO] [PID:31637] 获取关联文件，chat_id: 860
[2025-11-04 14:15:00] [INFO] [PID:31637] 成功获取关联文件，数量: 1
[2025-11-04 14:15:00] [INFO] [PID:31637] 获取到关联文件数量: 1
[2025-11-04 14:15:00] [INFO] [PID:31637] 开始同步处理关联文件向量化
[2025-11-04 14:15:00] [INFO] [PID:31637] 处理文件: 新人拍婚纱照遭遇“黑天鹅抢新娘”，新郎：当时有点害怕，最后用捧花将天鹅赶走.txt
[2025-11-04 14:15:00] [INFO] [PID:31637] 修改文件状态: vec_4671762236838
[2025-11-04 14:15:00] [INFO] [PID:31637] 开始同步向量化文件: 新人拍婚纱照遭遇“黑天鹅抢新娘”，新郎：当时有点害怕，最后用捧花将天鹅赶走.txt
[2025-11-04 14:15:00] [INFO] [PID:31637] 执行命令: cd /app && source /app/rag_multi_env/bin/activate && python vectorize.py sync_process '["\/www\/wwwroot\/boss.gogo198.cn\/public\/uploads\/chat_files\/20251104\/690999a6bb384.txt","vec_d53cdf93d5ed"]' 2>&1
[2025-11-04 14:15:27] [WARNING] [PID:31637] JSON解析失败，尝试降级解析
[2025-11-04 14:15:27] [INFO] [PID:31637] 文件向量化成功: 
[2025-11-04 14:15:27] [INFO] [PID:31637] 文件向量化成功: 新人拍婚纱照遭遇“黑天鹅抢新娘”，新郎：当时有点害怕，最后用捧花将天鹅赶走.txt, 向量维度: 768
[2025-11-04 14:15:27] [INFO] [PID:31637] 文件向量化成功: 新人拍婚纱照遭遇“黑天鹅抢新娘”，新郎：当时有点害怕，最后用捧花将天鹅赶走.txt
[2025-11-04 14:15:27] [INFO] [PID:31637] 准备发送同步查询请求到美国服务器
[2025-11-04 14:15:27] [INFO] [PID:31637] 请求数据大小: 4154
[2025-11-04 14:15:27] [INFO] [PID:31637] 优化后请求数据大小: 0
[2025-11-04 14:15:27] [INFO] [PID:31637] HTTP请求开始: http://47.254.122.81:5000/predict_sync
[2025-11-04 14:15:27] [INFO] [PID:31637] 请求数据大小: 4154
[2025-11-04 14:15:27] [INFO] [PID:31637] 尝试第1次请求
